Flow report for zeyarW_lab1
Mon Sep 09 10:46:15 2013
Quartus II 32-bit Version 13.0.0 Build 156 04/24/2013 SJ Web Edition


---------------------
; Table of Contents ;
---------------------
  1. Legal Notice
  2. Flow Summary
  3. Flow Settings
  4. Flow Non-Default Global Settings
  5. Flow Elapsed Time
  6. Flow OS Summary
  7. Flow Log
  8. Flow Messages
  9. Flow Suppressed Messages



----------------
; Legal Notice ;
----------------
Copyright (C) 1991-2013 Altera Corporation
Your use of Altera Corporation's design tools, logic functions 
and other software and tools, and its AMPP partner logic 
functions, and any output files from any of the foregoing 
(including device programming or simulation files), and any 
associated documentation or information are expressly subject 
to the terms and conditions of the Altera Program License 
Subscription Agreement, Altera MegaCore Function License 
Agreement, or other applicable license agreement, including, 
without limitation, that your use is for the sole purpose of 
programming logic devices manufactured by Altera and sold by 
Altera or its authorized distributors.  Please refer to the 
applicable agreement for further details.



+---------------------------------------------------------------------------------+
; Flow Summary                                                                    ;
+------------------------------------+--------------------------------------------+
; Flow Status                        ; Successful - Mon Sep 09 10:46:15 2013      ;
; Quartus II 32-bit Version          ; 13.0.0 Build 156 04/24/2013 SJ Web Edition ;
; Revision Name                      ; zeyarW_lab1                                ;
; Top-level Entity Name              ; zeyarW_lab1                                ;
; Family                             ; Cyclone IV E                               ;
; Device                             ; EP4CE22F17C6                               ;
; Timing Models                      ; Final                                      ;
; Total logic elements               ; 31 / 22,320 ( < 1 % )                      ;
;     Total combinational functions  ; 31 / 22,320 ( < 1 % )                      ;
;     Dedicated logic registers      ; 27 / 22,320 ( < 1 % )                      ;
; Total registers                    ; 27                                         ;
; Total pins                         ; 6 / 154 ( 4 % )                            ;
; Total virtual pins                 ; 0                                          ;
; Total memory bits                  ; 0 / 608,256 ( 0 % )                        ;
; Embedded Multiplier 9-bit elements ; 0 / 132 ( 0 % )                            ;
; Total PLLs                         ; 1 / 4 ( 25 % )                             ;
+------------------------------------+--------------------------------------------+


+-----------------------------------------+
; Flow Settings                           ;
+-------------------+---------------------+
; Option            ; Setting             ;
+-------------------+---------------------+
; Start date & time ; 09/09/2013 10:41:00 ;
; Main task         ; Compilation         ;
; Revision Name     ; zeyarW_lab1         ;
+-------------------+---------------------+


+----------------------------------------------------------------------------------------------------------------------+
; Flow Non-Default Global Settings                                                                                     ;
+-------------------------------------+---------------------------------+---------------+-------------+----------------+
; Assignment Name                     ; Value                           ; Default Value ; Entity Name ; Section Id     ;
+-------------------------------------+---------------------------------+---------------+-------------+----------------+
; COMPILER_SIGNATURE_ID               ; 123633797091412.137873766002216 ; --            ; --          ; --             ;
; EDA_OUTPUT_DATA_FORMAT              ; Verilog Hdl                     ; --            ; --          ; eda_simulation ;
; EDA_SIMULATION_TOOL                 ; ModelSim-Altera (Verilog)       ; <None>        ; --          ; --             ;
; EDA_TIME_SCALE                      ; 1 ps                            ; --            ; --          ; eda_simulation ;
; IP_TOOL_NAME                        ; ALTPLL                          ; --            ; --          ; --             ;
; IP_TOOL_NAME                        ; LPM_MUX                         ; --            ; --          ; --             ;
; IP_TOOL_VERSION                     ; 13.0                            ; --            ; --          ; --             ;
; IP_TOOL_VERSION                     ; 13.0                            ; --            ; --          ; --             ;
; MAX_CORE_JUNCTION_TEMP              ; 85                              ; --            ; --          ; --             ;
; MIN_CORE_JUNCTION_TEMP              ; 0                               ; --            ; --          ; --             ;
; MISC_FILE                           ; outputfile.bsf                  ; --            ; --          ; --             ;
; MISC_FILE                           ; outputfile_bb.v                 ; --            ; --          ; --             ;
; MISC_FILE                           ; outputfile.ppf                  ; --            ; --          ; --             ;
; MISC_FILE                           ; counter_bus_mux.bsf             ; --            ; --          ; --             ;
; MISC_FILE                           ; counter_bus_mux_bb.v            ; --            ; --          ; --             ;
; NOMINAL_CORE_SUPPLY_VOLTAGE         ; 1.2V                            ; --            ; --          ; --             ;
; PARTITION_COLOR                     ; 16764057                        ; --            ; --          ; Top            ;
; PARTITION_FITTER_PRESERVATION_LEVEL ; PLACEMENT_AND_ROUTING           ; --            ; --          ; Top            ;
; PARTITION_NETLIST_TYPE              ; SOURCE                          ; --            ; --          ; Top            ;
; PROJECT_OUTPUT_DIRECTORY            ; output_files                    ; --            ; --          ; --             ;
+-------------------------------------+---------------------------------+---------------+-------------+----------------+


+-------------------------------------------------------------------------------------------------------------------------------+
; Flow Elapsed Time                                                                                                             ;
+---------------------------+--------------+-------------------------+---------------------+------------------------------------+
; Module Name               ; Elapsed Time ; Average Processors Used ; Peak Virtual Memory ; Total CPU Time (on all processors) ;
+---------------------------+--------------+-------------------------+---------------------+------------------------------------+
; Analysis & Synthesis      ; 00:00:02     ; 1.0                     ; 356 MB              ; 00:00:02                           ;
; Fitter                    ; 00:00:08     ; 1.3                     ; 571 MB              ; 00:00:08                           ;
; Assembler                 ; 00:00:02     ; 1.0                     ; 343 MB              ; 00:00:02                           ;
; TimeQuest Timing Analyzer ; 00:00:04     ; 1.0                     ; 397 MB              ; 00:00:03                           ;
; EDA Netlist Writer        ; 00:00:02     ; 1.0                     ; 307 MB              ; 00:00:01                           ;
; EDA Netlist Writer        ; 00:00:02     ; 1.0                     ; 302 MB              ; 00:00:01                           ;
; EDA Netlist Writer        ; 00:00:02     ; 1.0                     ; 321 MB              ; 00:00:02                           ;
; Total                     ; 00:00:22     ; --                      ; --                  ; 00:00:19                           ;
+---------------------------+--------------+-------------------------+---------------------+------------------------------------+


+----------------------------------------------------------------------------------------+
; Flow OS Summary                                                                        ;
+---------------------------+------------------+-----------+------------+----------------+
; Module Name               ; Machine Hostname ; OS Name   ; OS Version ; Processor type ;
+---------------------------+------------------+-----------+------------+----------------+
; Analysis & Synthesis      ; EME-3170PC05     ; Windows 7 ; 6.1        ; i686           ;
; Fitter                    ; EME-3170PC05     ; Windows 7 ; 6.1        ; i686           ;
; Assembler                 ; EME-3170PC05     ; Windows 7 ; 6.1        ; i686           ;
; TimeQuest Timing Analyzer ; EME-3170PC05     ; Windows 7 ; 6.1        ; i686           ;
; EDA Netlist Writer        ; EME-3170PC05     ; Windows 7 ; 6.1        ; i686           ;
; EDA Netlist Writer        ; EME-3170PC05     ; Windows 7 ; 6.1        ; i686           ;
; EDA Netlist Writer        ; EME-3170PC05     ; Windows 7 ; 6.1        ; i686           ;
+---------------------------+------------------+-----------+------------+----------------+


------------
; Flow Log ;
------------
quartus_map --read_settings_files=on --write_settings_files=off zeyarW_lab1 -c zeyarW_lab1
quartus_fit --read_settings_files=off --write_settings_files=off zeyarW_lab1 -c zeyarW_lab1
quartus_asm --read_settings_files=off --write_settings_files=off zeyarW_lab1 -c zeyarW_lab1
quartus_sta zeyarW_lab1 -c zeyarW_lab1
quartus_eda --read_settings_files=off --write_settings_files=off zeyarW_lab1 -c zeyarW_lab1
quartus_eda --gen_testbench --check_outputs=on --tool=modelsim_oem --format=verilog zeyarW_lab1 -c zeyarW_lab1 --vector_source=C:/Users/zxw6805/Desktop/first_lab/zxw_first_fpga.vwf --testbench_file=./simulation/qsim/zeyarW_lab1.vt
quartus_eda --functional=off --timescale=1ps --simulation=on --tool=modelsim_oem --format=verilog zeyarW_lab1 -c zeyarW_lab1



